[2015.11.25-15.42.05:604][  0]Log file open, 11/25/15 17:42:05
[2015.11.25-15.42.05:604][  0]LogInit:Display: Running engine for game: holeydiver
[2015.11.25-15.42.05:604][  0]LogPlatformFile: Not using cached read wrapper
[2015.11.25-15.42.05:604][  0]LogInit:Display: RandInit(-293935265) SRandInit(-293935264).
[2015.11.25-15.42.05:604][  0]LogTaskGraph: Started task graph with 4 named threads and 7 total threads.
[2015.11.25-15.42.05:604][  0]LogStats: Stats thread started at 0.070943
[2015.11.25-15.42.05:604][  0]LogInit: Version: 4.10.0-2758231+++depot+UE4-Releases+4.10
[2015.11.25-15.42.05:604][  0]LogInit: API Version: 2758231
[2015.11.25-15.42.05:604][  0]LogInit: Compiled (64-bit): Nov  7 2015 05:13:45
[2015.11.25-15.42.05:604][  0]LogInit: Compiled with Visual C++: 19.00.23026.00
[2015.11.25-15.42.05:604][  0]LogInit: Build Configuration: Development
[2015.11.25-15.42.05:604][  0]LogInit: Branch Name: ++depot+UE4-Releases+4.10
[2015.11.25-15.42.05:604][  0]LogInit: Command line: 
[2015.11.25-15.42.05:604][  0]LogInit: Base directory: D:/Unreal Engine/Epic Games/4.10/Engine/Binaries/Win64/
[2015.11.25-15.42.05:604][  0]LogInit: Rocket: 1
[2015.11.25-15.42.05:608][  0]LogInit: Using libcurl 7.41.0
[2015.11.25-15.42.05:608][  0]LogInit:  - built for x86_64-pc-win32
[2015.11.25-15.42.05:608][  0]LogInit:  - supports SSL with WinSSL
[2015.11.25-15.42.05:608][  0]LogInit:  - other features:
[2015.11.25-15.42.05:608][  0]LogInit:      CURL_VERSION_SSL
[2015.11.25-15.42.05:608][  0]LogInit:      CURL_VERSION_IPV6
[2015.11.25-15.42.05:608][  0]LogInit:      CURL_VERSION_ASYNCHDNS
[2015.11.25-15.42.05:608][  0]LogInit:      CURL_VERSION_LARGEFILE
[2015.11.25-15.42.05:608][  0]LogInit:      CURL_VERSION_IDN
[2015.11.25-15.42.05:609][  0]LogInit:  CurlRequestOptions (configurable via config and command line):
[2015.11.25-15.42.05:609][  0]LogInit:  - bVerifyPeer = true  - Libcurl will verify peer certificate
[2015.11.25-15.42.05:609][  0]LogInit:  - bUseHttpProxy = false  - Libcurl will NOT use HTTP proxy
[2015.11.25-15.42.05:609][  0]LogInit:  - bDontReuseConnections = false  - Libcurl will reuse connections
[2015.11.25-15.42.05:609][  0]LogInit:  - CertBundlePath = nullptr  - Libcurl will use whatever was configured at build time.
[2015.11.25-15.42.05:614][  0]LogInit: Presizing for 0 objects not considered by GC, pre-allocating 0 bytes.
[2015.11.25-15.42.05:618][  0]LogInit: Object subsystem initialized
[2015.11.25-15.42.05:622][  0]LogInit: Selected Device Profile: [Windows]
[2015.11.25-15.42.05:622][  0]LogInit: Applying CVar settings loaded from the selected device profile: [Windows]
[2015.11.25-15.42.05:628][  0]LogInit: Computer: MOUGARI-PC
[2015.11.25-15.42.05:628][  0]LogInit: User: MOUGARI
[2015.11.25-15.42.05:628][  0]LogInit: CPU Page size=4096, Cores=4
[2015.11.25-15.42.05:628][  0]LogInit: High frequency timer resolution =3.410077 MHz
[2015.11.25-15.42.05:628][  0]LogMemory: Memory total: Physical=7.7GB (8GB approx)
[2015.11.25-15.42.05:628][  0]LogMemory: Platform Memory Stats for Windows
[2015.11.25-15.42.05:628][  0]LogMemory: Process Physical Memory: 56.21 MB used, 56.21 MB peak
[2015.11.25-15.42.05:628][  0]LogMemory: Process Virtual Memory: 55.00 MB used, 55.00 MB peak
[2015.11.25-15.42.05:628][  0]LogMemory: Physical Memory: 3216.41 MB used, 7888.14 MB total
[2015.11.25-15.42.05:628][  0]LogMemory: Virtual Memory: 383.54 MB used, 134217728.00 MB total
[2015.11.25-15.42.05:654][  0]LogTextLocalizationManager: No translations for ('fi-FI') exist, falling back to 'en' for localization and internationalization data.
[2015.11.25-15.42.06:030][  0]LogD3D11RHI: Found D3D11 adapter 0: NVIDIA GeForce GTX 760 (Feature Level 11_0)
[2015.11.25-15.42.06:030][  0]LogD3D11RHI: Adapter has 4026MB of dedicated video memory, 0MB of dedicated system memory, and 3944MB of shared system memory, 1 output[s]
[2015.11.25-15.42.06:035][  0]LogD3D11RHI: Found D3D11 adapter 1: Intel(R) HD Graphics 4600 (Feature Level 11_0)
[2015.11.25-15.42.06:035][  0]LogD3D11RHI: Adapter has 112MB of dedicated video memory, 0MB of dedicated system memory, and 3944MB of shared system memory, 1 output[s]
[2015.11.25-15.42.06:036][  0]LogD3D11RHI: Found D3D11 adapter 2: Microsoft Basic Render Driver (Feature Level 11_0)
[2015.11.25-15.42.06:036][  0]LogD3D11RHI: Adapter has 0MB of dedicated video memory, 0MB of dedicated system memory, and 3944MB of shared system memory, 0 output[s]
[2015.11.25-15.42.06:036][  0]LogD3D11RHI: Chosen D3D11 Adapter Id = 0
[2015.11.25-15.42.06:039][  0]LogD3D11RHI: !Direct3DDevice
[2015.11.25-15.42.06:039][  0]LogRHI: Texture pool is 1361 MB (70% of 1945 MB)
[2015.11.25-15.42.06:049][  0]LogD3D11RHI: Async texture creation enabled
[2015.11.25-15.42.06:434][  0]LogShaderCompilers: Guid format shader working directory is 12 characters bigger than the processId version (../../../../../../gamedev/holeydiver/Intermediate/Shaders/WorkingDirectory/5368/).
[2015.11.25-15.42.06:434][  0]LogShaderCompilers: Cleaned the shader compiler working directory 'C:/Users/MOUGARI/AppData/Local/Temp/UnrealShaderWorkingDir/2D4B101D458A3993959171A3DE8C045E/'.
[2015.11.25-15.42.06:434][  0]LogShaderCompilers:Display: Using Local Shader Compiler.
[2015.11.25-15.42.07:020][  0]LogTemp:Display: Loaded TP AllDesktopTargetPlatform
[2015.11.25-15.42.07:023][  0]LogTemp:Display: Loaded TP WindowsClientTargetPlatform
[2015.11.25-15.42.07:026][  0]LogTemp:Display: Loaded TP WindowsNoEditorTargetPlatform
[2015.11.25-15.42.07:030][  0]LogTemp:Display: Loaded TP WindowsServerTargetPlatform
[2015.11.25-15.42.07:033][  0]LogTemp:Display: Loaded TP WindowsTargetPlatform
[2015.11.25-15.42.07:035][  0]LogTemp:Display: Loaded TP AndroidTargetPlatform
[2015.11.25-15.42.07:037][  0]LogTemp:Display: Loaded TP Android_ASTCTargetPlatform
[2015.11.25-15.42.07:039][  0]LogTemp:Display: Loaded TP Android_ATCTargetPlatform
[2015.11.25-15.42.07:041][  0]LogTemp:Display: Loaded TP Android_DXTTargetPlatform
[2015.11.25-15.42.07:043][  0]LogTemp:Display: Loaded TP Android_ETC1TargetPlatform
[2015.11.25-15.42.07:045][  0]LogTemp:Display: Loaded TP Android_ETC2TargetPlatform
[2015.11.25-15.42.07:049][  0]LogTemp:Display: Loaded TP Android_MultiTargetPlatform
[2015.11.25-15.42.07:049][  0]LogTemp:Display: Loaded TP Android_PVRTCTargetPlatform
[2015.11.25-15.42.07:050][  0]LogTemp:Display: Loaded TP HTML5TargetPlatform
[2015.11.25-15.42.07:065][  0]LogTemp:Display: Loaded TP IOSTargetPlatform
[2015.11.25-15.42.07:067][  0]LogTemp:Display: Loaded TP LinuxNoEditorTargetPlatform
[2015.11.25-15.42.07:069][  0]LogTemp:Display: Loaded TP LinuxServerTargetPlatform
[2015.11.25-15.42.07:071][  0]LogTemp:Display: Loaded TP LinuxTargetPlatform
[2015.11.25-15.42.07:071][  0]LogTargetPlatformManager:Display: Building Assets For Windows
[2015.11.25-15.42.07:129][  0]LogDerivedDataCache:Display: Max Cache Size: 512 MB
[2015.11.25-15.42.07:172][  0]LogDerivedDataCache: Loaded boot cache 0.04s 41MB C:/Users/MOUGARI/AppData/Local/UnrealEngine/4.10/DerivedDataCache/Boot.ddc.
[2015.11.25-15.42.07:172][  0]LogDerivedDataCache:Display: Loaded Boot cache: C:/Users/MOUGARI/AppData/Local/UnrealEngine/4.10/DerivedDataCache/Boot.ddc
[2015.11.25-15.42.07:172][  0]LogDerivedDataCache: FDerivedDataBackendGraph:  Pak pak cache file ../../../../../../gamedev/holeydiver/DerivedDataCache/DDC.ddp not found, will not use a pak cache.
[2015.11.25-15.42.07:172][  0]LogDerivedDataCache: Unable to find inner node Pak for hierarchical cache Hierarchy.
[2015.11.25-15.42.07:172][  0]LogDerivedDataCache: FDerivedDataBackendGraph:  CompressedPak pak cache file ../../../../../../gamedev/holeydiver/DerivedDataCache/Compressed.ddp not found, will not use a pak cache.
[2015.11.25-15.42.07:172][  0]LogDerivedDataCache: Unable to find inner node CompressedPak for hierarchical cache Hierarchy.
[2015.11.25-15.42.07:219][  0]LogDerivedDataCache:Display: Pak cache opened for reading ../../../Engine/DerivedDataCache/Compressed.ddp.
[2015.11.25-15.42.07:231][  0]LogDerivedDataCache: Using Local data cache path C:/Users/MOUGARI/AppData/Local/UnrealEngine/Common/DerivedDataCache: Writable
[2015.11.25-15.42.07:360][  0]LogInit: Selected Device Profile: [Windows]
[2015.11.25-15.42.07:361][  0]LogContentStreaming: Texture pool size is 0.000000MB
[2015.11.25-15.42.07:440][  0]LogMeshUtilities: No automatic mesh reduction module available
[2015.11.25-15.42.07:440][  0]LogMeshUtilities: No automatic mesh merging module available
[2015.11.25-15.42.07:626][  0]LogInit: WinSock: version 1.1 (2.2), MaxSocks=32767, MaxUdp=65467
[2015.11.25-15.42.08:118][  0]LogWmfMedia: Failed to load mf.dll
[2015.11.25-15.42.08:118][  0]LogWmfMedia: Failed to load required Windows Media Foundation libraries
[2015.11.25-15.42.08:125][  0]LogWindowsMoviePlayer: Could not load mf.dll. Library not found.
[2015.11.25-15.42.08:126][  0]LogWindowsMoviePlayer: Could not load mfplat.dll. Library not found.
[2015.11.25-15.42.08:126][  0]LogWindowsMoviePlayer: Could not load mfplay.dll. Library not found.
[2015.11.25-15.42.08:229][  0]UdpMessaging: Initializing bridge on interface 0.0.0.0:0 to multicast group 230.0.0.1:6666.
[2015.11.25-15.42.08:318][  0]LogAssetRegistry: FAssetRegistry took 0.0106 seconds to start up
[2015.11.25-15.42.08:425][  0]SourceControl: Info Source control is disabled
[2015.11.25-15.42.08:431][  0]SourceControl: Info Source control is disabled
[2015.11.25-15.42.08:438][  0]SourceControl: Info Source control is disabled
[2015.11.25-15.42.08:445][  0]SourceControl: Info Source control is disabled
[2015.11.25-15.42.08:606][  0]LogObj: 28633 objects as part of root set at end of initial load.
[2015.11.25-15.42.08:606][  0]LogUObjectAllocator: 6099744 out of 0 bytes used by permanent object pool.
[2015.11.25-15.42.08:651][  0]LogEngine: Initializing Engine...
[2015.11.25-15.42.08:652][  0]LogHMD: Can't find Oculus library dev build: is proper Runtime installed? Version: 0.8.0.0
[2015.11.25-15.42.08:653][  0]LogHMD: SteamVR failed to initialize.  Err: 110
[2015.11.25-15.42.08:742][  0]LogAIModule: Creating AISystem for world NewWorld
[2015.11.25-15.42.08:748][  0]LogInit: XAudio2 using 'Speakers (Realtek High Definition Audio)' : 2 channels at 48 kHz using 32 bits per sample (channel mask 0x3)
[2015.11.25-15.42.08:767][  0]LogInit: FAudioDevice initialized.
[2015.11.25-15.42.08:791][  0]LogDerivedDataCache: Saved boot cache 0.02s 41MB C:/Users/MOUGARI/AppData/Local/UnrealEngine/4.10/DerivedDataCache/Boot.ddc.
[2015.11.25-15.42.08:798][  0]LogInit: Texture streaming: Enabled
[2015.11.25-15.42.08:802][  0]LogAnalytics: Creating configured Analytics provider AnalyticsET
[2015.11.25-15.42.08:802][  0]LogAnalytics: [UEEditor.Rocket.Release] APIServer = http://et2.epicgames.com/ET2/. AppVersion = 4.10.0-2758231+++depot+UE4-Releases+4.10
[2015.11.25-15.42.08:802][  0]LogAnalytics: [UEEditor.Rocket.Release] SetUserId 6350c93d4689ecbaf7f40780c383a2e4|628d59eeb389489aa9609aa26282ed3f|56afce5c-af0c-4819-8e9d-8a63f8f27589
[2015.11.25-15.42.08:802][  0]LogAnalytics: [UEEditor.Rocket.Release] AnalyticsET::StartSession
[2015.11.25-15.42.08:810][  0]LogWindowsTextInputMethodSystem:Display: IME system now deactivated.
[2015.11.25-15.42.08:828][  0]LogInit: Transaction tracking system initialized
[2015.11.25-15.42.08:849][  0]BlueprintLog: New page: Editor Load
[2015.11.25-15.42.09:208][  0]LocalizationService: Info Localization service is disabled
[2015.11.25-15.42.09:440][  0]LogConsoleResponse:Display: 
[2015.11.25-15.42.09:548][  0]LogFileCache: Scanning file cache for directory 'D:/gamedev/holeydiver/Content/' took 0.01s
[2015.11.25-15.42.09:548][  0]LogCook:Display: Done creating registry. It took  0.00s.
[2015.11.25-15.42.09:605][  0]SourceControl: Info Source control is disabled
[2015.11.25-15.42.09:605][  0]Cmd: MAP LOAD FILE="../../../Engine/Content/Maps/Templates/Template_Default.umap" TEMPLATE=1 SHOWPROGRESS=1 FEATURELEVEL=3
[2015.11.25-15.42.09:605][  0]LightingResults: New page: Lighting Build
[2015.11.25-15.42.09:608][  0]MapCheck: New page: Map Check
[2015.11.25-15.42.09:608][  0]LightingResults: New page: Lighting Build
[2015.11.25-15.42.09:622][  0]LogParticles: Destroying 0 GPU particle simulations for FXSystem 0x000001E4CDA66160
[2015.11.25-15.42.09:801][  0]LogAIModule: Creating AISystem for world Untitled_1
[2015.11.25-15.42.09:807][  0]LogEditorServer: Finished looking for orphan Actors (0.000 secs)
[2015.11.25-15.42.09:810][  0]Cmd: MAP CHECKDEP NOCLEARLOG
[2015.11.25-15.42.09:840][  0]MapCheck: Info Map check complete: 0 Error(s), 0 Warning(s), took 29.935ms to complete.
[2015.11.25-15.42.09:840][  0]LogFileHelpers: Loading map 'Template_Default' took 0.235
[2015.11.25-15.42.10:831][  0]LogCollectionManager: Loaded 0 collections in 0.001489 seconds
[2015.11.25-15.42.11:207][  0]LogFileCache: Scanning file cache for directory 'D:/gamedev/holeydiver/Saved/Collections/' took 0.01s
[2015.11.25-15.42.11:207][  0]LogFileCache: Scanning file cache for directory 'D:/gamedev/holeydiver/Content/Developers/MOUGARI/Collections/' took 0.01s
[2015.11.25-15.42.11:207][  0]LogFileCache: Scanning file cache for directory 'D:/gamedev/holeydiver/Content/Collections/' took 0.01s
[2015.11.25-15.42.11:207][  0]LogCollectionManager: Rebuilt the GUID cache for 0 collections in 0.000001 seconds
[2015.11.25-15.42.11:304][  0]LogContentBrowser: Native class hierarchy populated in 0.0628 seconds. Added 1893 classes and 338 folders.
[2015.11.25-15.42.11:609][  0]LogContentBrowser: Native class hierarchy updated for 'WidgetCarousel' in 0.0003 seconds. Added 0 classes and 0 folders.
[2015.11.25-15.42.17:344][  0]LogContentBrowser: Native class hierarchy updated for 'AddContentDialog' in 0.0003 seconds. Added 0 classes and 0 folders.
[2015.11.25-15.42.17:614][  0]LogContentBrowser: Native class hierarchy updated for 'SceneOutliner' in 0.0003 seconds. Added 1 classes and 2 folders.
[2015.11.25-15.42.19:818][  0]LogCrashTracker: Crashtracker disabled due to settings.
[2015.11.25-15.42.20:151][  0]LogUObjectGlobals:Warning: Failed to find object 'Class None.'
[2015.11.25-15.42.20:253][  0]LogLoad: Full Startup: 14.96 seconds (BP compile: 0.03 seconds)
[2015.11.25-15.42.20:263][  0]LogOcInput: Can't find Oculus library dev build: is proper Runtime installed? Version: 0.8.0.0
[2015.11.25-15.42.21:083][  0]LogContentStreaming: Texture pool size now 400 MB
[2015.11.25-15.42.21:581][  0]LogRenderer: Reallocating scene render targets to support 1032x580 (Frame:2).
[2015.11.25-15.42.27:172][575]LogAssetRegistry: Asset discovery search completed in 18.8637 seconds
[2015.11.25-15.42.27:172][575]LogCollectionManager: Rebuilt the object cache for 0 collections in 0.000000 seconds (found 0 objects)
[2015.11.25-15.42.27:172][575]LogCollectionManager: Fixed up redirectors for 0 collections in 0.000016 seconds (updated 0 objects)
[2015.11.25-15.42.46:649][919]LogWindowsTextInputMethodSystem:Display: IME system now deactivated.
[2015.11.25-15.42.46:923][920]Cmd: QUIT_EDITOR
[2015.11.25-15.42.47:032][920]LogExit: Preparing to exit.
[2015.11.25-15.42.47:298][920]LogExit: Editor shut down
[2015.11.25-15.42.47:298][920]LogExit: Transaction tracking system shut down
[2015.11.25-15.42.47:300][920]LogParticles: Destroying 0 GPU particle simulations for FXSystem 0x000001E4CE54F7E0
[2015.11.25-15.42.47:300][920]LogParticles: Destroying 0 GPU particle simulations for FXSystem 0x000001E4D9E2CA40
[2015.11.25-15.42.47:399][920]LogExit: Object subsystem successfully closed.
[2015.11.25-15.42.47:412][920]LogD3D11RHI: Shutdown
[2015.11.25-15.42.47:412][920]LogD3D11RHI: CleanupD3DDevice
[2015.11.25-15.42.47:464][920]LogD3D11RHI: ~FD3D11DynamicRHI
[2015.11.25-15.42.47:473][920]LogModuleManager: Shutting down and abandoning module CrashTracker (198)
[2015.11.25-15.42.47:473][920]LogModuleManager: Shutting down and abandoning module SceneOutliner (197)
[2015.11.25-15.42.47:473][920]LogModuleManager: Shutting down and abandoning module SuperSearch (196)
[2015.11.25-15.42.47:473][920]LogModuleManager: Shutting down and abandoning module WidgetCarousel (195)
[2015.11.25-15.42.47:473][920]LogModuleManager: Shutting down and abandoning module AddContentDialog (194)
[2015.11.25-15.42.47:474][920]LogModuleManager: Shutting down and abandoning module EditorWidgets (193)
[2015.11.25-15.42.47:474][920]LogModuleManager: Shutting down and abandoning module CollectionManager (192)
[2015.11.25-15.42.47:474][920]LogModuleManager: Shutting down and abandoning module StatsViewer (191)
[2015.11.25-15.42.47:474][920]LogModuleManager: Shutting down and abandoning module FoliageEdit (190)
[2015.11.25-15.42.47:474][920]LogModuleManager: Shutting down and abandoning module LandscapeEditor (189)
[2015.11.25-15.42.47:474][920]LogModuleManager: Shutting down and abandoning module ActorPickerMode (188)
[2015.11.25-15.42.47:474][920]LogModuleManager: Shutting down and abandoning module GeometryMode (187)
[2015.11.25-15.42.47:474][920]LogModuleManager: Shutting down and abandoning module TextureAlignMode (186)
[2015.11.25-15.42.47:474][920]LogModuleManager: Shutting down and abandoning module BspMode (185)
[2015.11.25-15.42.47:474][920]LogModuleManager: Shutting down and abandoning module PlacementMode (184)
[2015.11.25-15.42.47:474][920]LogModuleManager: Shutting down and abandoning module AutomationWorker (183)
[2015.11.25-15.42.47:474][920]LogModuleManager: Shutting down and abandoning module CharacterAI (182)
[2015.11.25-15.42.47:474][920]LogModuleManager: Shutting down and abandoning module SmartSnapping (181)
[2015.11.25-15.42.47:474][920]LogModuleManager: Shutting down and abandoning module ViewportSnapping (180)
[2015.11.25-15.42.47:474][920]LogModuleManager: Shutting down and abandoning module LogVisualizer (179)
[2015.11.25-15.42.47:474][920]LogModuleManager: Shutting down and abandoning module GameProjectGeneration (178)
[2015.11.25-15.42.47:474][920]LogModuleManager: Shutting down and abandoning module IntroTutorials (177)
[2015.11.25-15.42.47:474][920]LogModuleManager: Shutting down and abandoning module EditorLiveStreaming (176)
[2015.11.25-15.42.47:474][920]LogModuleManager: Shutting down and abandoning module IOSPlatformEditor (175)
[2015.11.25-15.42.47:474][920]LogModuleManager: Shutting down and abandoning module HTML5PlatformEditor (174)
[2015.11.25-15.42.47:474][920]LogModuleManager: Shutting down and abandoning module AndroidDeviceDetection (173)
[2015.11.25-15.42.48:248][920]LogModuleManager: Shutting down and abandoning module AndroidPlatformEditor (172)
[2015.11.25-15.42.48:248][920]LogModuleManager: Shutting down and abandoning module IOSRuntimeSettings (171)
[2015.11.25-15.42.48:248][920]LogModuleManager: Shutting down and abandoning module AndroidRuntimeSettings (170)
[2015.11.25-15.42.48:248][920]LogModuleManager: Shutting down and abandoning module MergeActors (169)
[2015.11.25-15.42.48:248][920]LogModuleManager: Shutting down and abandoning module SizeMap (168)
[2015.11.25-15.42.48:248][920]LogModuleManager: Shutting down and abandoning module TreeMap (167)
[2015.11.25-15.42.48:248][920]LogModuleManager: Shutting down and abandoning module ReferenceViewer (166)
[2015.11.25-15.42.48:248][920]LogModuleManager: Shutting down and abandoning module LocalizationService (165)
[2015.11.25-15.42.48:248][920]LogModuleManager: Shutting down and abandoning module LocalizationDashboard (164)
[2015.11.25-15.42.48:248][920]LogModuleManager: Shutting down and abandoning module HardwareTargeting (163)
[2015.11.25-15.42.48:248][920]LogModuleManager: Shutting down and abandoning module DeviceProfileEditor (162)
[2015.11.25-15.42.48:248][920]LogModuleManager: Shutting down and abandoning module UndoHistory (161)
[2015.11.25-15.42.48:248][920]LogModuleManager: Shutting down and abandoning module GameplayTagsEditor (160)
[2015.11.25-15.42.48:248][920]LogModuleManager: Shutting down and abandoning module UserFeedback (159)
[2015.11.25-15.42.48:248][920]LogModuleManager: Shutting down and abandoning module XmlParser (158)
[2015.11.25-15.42.48:248][920]LogModuleManager: Shutting down and abandoning module Blutility (157)
[2015.11.25-15.42.48:248][920]LogModuleManager: Shutting down and abandoning module ProjectTargetPlatformEditor (156)
[2015.11.25-15.42.48:248][920]LogModuleManager: Shutting down and abandoning module ProjectSettingsViewer (155)
[2015.11.25-15.42.48:248][920]LogModuleManager: Shutting down and abandoning module InputBindingEditor (154)
[2015.11.25-15.42.48:248][920]LogModuleManager: Shutting down and abandoning module EditorSettingsViewer (153)
[2015.11.25-15.42.48:248][920]LogModuleManager: Shutting down and abandoning module SettingsEditor (152)
[2015.11.25-15.42.48:248][920]LogModuleManager: Shutting down and abandoning module ProjectLauncher (151)
[2015.11.25-15.42.48:248][920]LogModuleManager: Shutting down and abandoning module SessionFrontend (150)
[2015.11.25-15.42.48:248][920]LogModuleManager: Shutting down and abandoning module ProfilerClient (149)
[2015.11.25-15.42.48:248][920]LogModuleManager: Shutting down and abandoning module TargetDeviceServices (148)
[2015.11.25-15.42.48:248][920]LogModuleManager: Shutting down and abandoning module DeviceManager (147)
[2015.11.25-15.42.48:248][920]LogModuleManager: Shutting down and abandoning module AutomationController (146)
[2015.11.25-15.42.48:248][920]LogModuleManager: Shutting down and abandoning module AutomationWindow (145)
[2015.11.25-15.42.48:248][920]LogModuleManager: Shutting down and abandoning module Layers (144)
[2015.11.25-15.42.48:248][920]LogModuleManager: Shutting down and abandoning module ComponentVisualizers (143)
[2015.11.25-15.42.48:248][920]LogModuleManager: Shutting down and abandoning module DetailCustomizations (142)
[2015.11.25-15.42.48:248][920]LogModuleManager: Shutting down and abandoning module PackagesDialog (141)
[2015.11.25-15.42.48:248][920]LogModuleManager: Shutting down and abandoning module Persona (140)
[2015.11.25-15.42.48:248][920]LogModuleManager: Shutting down and abandoning module Kismet (139)
[2015.11.25-15.42.48:248][920]LogModuleManager: Shutting down and abandoning module GraphEditor (138)
[2015.11.25-15.42.48:248][920]LogModuleManager: Shutting down and abandoning module ClassViewer (137)
[2015.11.25-15.42.48:248][920]LogModuleManager: Shutting down and abandoning module Toolbox (136)
[2015.11.25-15.42.48:248][920]LogModuleManager: Shutting down and abandoning module ModuleUI (135)
[2015.11.25-15.42.48:248][920]LogModuleManager: Shutting down and abandoning module MovieSceneTools (134)
[2015.11.25-15.42.48:248][920]LogModuleManager: Shutting down and abandoning module OutputLog (133)
[2015.11.25-15.42.48:248][920]LogModuleManager: Shutting down and abandoning module GammaUI (132)
[2015.11.25-15.42.48:248][920]LogModuleManager: Shutting down and abandoning module Documentation (131)
[2015.11.25-15.42.48:248][920]LogModuleManager: Shutting down and abandoning module GameLiveStreaming (130)
[2015.11.25-15.42.48:248][920]LogModuleManager: Shutting down and abandoning module StreamingPauseRendering (129)
[2015.11.25-15.42.48:248][920]LogModuleManager: Shutting down and abandoning module AnalyticsET (128)
[2015.11.25-15.42.48:248][920]LogModuleManager: Shutting down and abandoning module Analytics (127)
[2015.11.25-15.42.48:248][920]LogModuleManager: Shutting down and abandoning module AITestSuite (126)
[2015.11.25-15.42.48:248][920]LogModuleManager: Shutting down and abandoning module GameplayDebugger (125)
[2015.11.25-15.42.48:248][920]LogModuleManager: Shutting down and abandoning module AIModule (124)
[2015.11.25-15.42.48:248][920]LogModuleManager: Shutting down and abandoning module ProfilerService (123)
[2015.11.25-15.42.48:364][920]LogModuleManager: Shutting down and abandoning module TaskGraph (122)
[2015.11.25-15.42.48:364][920]LogModuleManager: Shutting down and abandoning module SlateRemote (121)
[2015.11.25-15.42.48:364][920]LogModuleManager: Shutting down and abandoning module SteamVRController (120)
[2015.11.25-15.42.48:364][920]LogModuleManager: Shutting down and abandoning module SteamVR (119)
[2015.11.25-15.42.48:364][920]LogModuleManager: Shutting down and abandoning module ProceduralMeshComponent (118)
[2015.11.25-15.42.48:364][920]LogModuleManager: Shutting down and abandoning module OculusLibrary (117)
[2015.11.25-15.42.48:364][920]LogModuleManager: Shutting down and abandoning module OculusInput (116)
[2015.11.25-15.42.48:364][920]LogModuleManager: Shutting down and abandoning module LeapMotionController (115)
[2015.11.25-15.42.48:372][920]LogModuleManager: Shutting down and abandoning module CustomMeshComponent (114)
[2015.11.25-15.42.48:372][920]LogModuleManager: Shutting down and abandoning module CableComponent (113)
[2015.11.25-15.42.48:372][920]LogModuleManager: Shutting down and abandoning module ArchVisCharacter (112)
[2015.11.25-15.42.48:372][920]LogModuleManager: Shutting down and abandoning module MessagingDebugger (111)
[2015.11.25-15.42.48:372][920]LogModuleManager: Shutting down and abandoning module MediaPlayerEditor (110)
[2015.11.25-15.42.48:372][920]LogModuleManager: Shutting down and abandoning module HTML5Networking (109)
[2015.11.25-15.42.48:372][920]LogModuleManager: Shutting down and abandoning module SpeedTreeImporter (108)
[2015.11.25-15.42.48:372][920]LogModuleManager: Shutting down and abandoning module PluginBrowser (107)
[2015.11.25-15.42.48:372][920]LogModuleManager: Shutting down and abandoning module EpicSurvey (106)
[2015.11.25-15.42.48:372][920]LogModuleManager: Shutting down and abandoning module DesktopPlatform (105)
[2015.11.25-15.42.48:372][920]LogModuleManager: Shutting down and abandoning module VisualStudioSourceCodeAccess (104)
[2015.11.25-15.42.48:372][920]LogModuleManager: Shutting down and abandoning module UObjectPlugin (103)
[2015.11.25-15.42.48:372][920]LogModuleManager: Shutting down and abandoning module SubversionSourceControl (102)
[2015.11.25-15.42.48:372][920]LogModuleManager: Shutting down and abandoning module PerforceSourceControl (101)
[2015.11.25-15.42.48:372][920]LogModuleManager: Shutting down and abandoning module SourceControl (100)
[2015.11.25-15.42.48:372][920]LogModuleManager: Shutting down and abandoning module GitSourceControl (99)
[2015.11.25-15.42.48:372][920]LogModuleManager: Shutting down and abandoning module LightPropagationVolumeEditor (98)
[2015.11.25-15.42.48:372][920]LogModuleManager: Shutting down and abandoning module PaperTiledImporter (97)
[2015.11.25-15.42.48:372][920]LogModuleManager: Shutting down and abandoning module PaperSpriteSheetImporter (96)
[2015.11.25-15.42.48:372][920]LogModuleManager: Shutting down and abandoning module MeshPaint (95)
[2015.11.25-15.42.48:372][920]LogModuleManager: Shutting down and abandoning module SlateReflector (94)
[2015.11.25-15.42.48:372][920]LogModuleManager: Shutting down and abandoning module HotReload (93)
[2015.11.25-15.42.48:372][920]LogModuleManager: Shutting down and abandoning module MainFrame (92)
[2015.11.25-15.42.48:372][920]LogModuleManager: Shutting down and abandoning module LevelEditor (91)
[2015.11.25-15.42.48:373][920]LogModuleManager: Shutting down and abandoning module DirectoryWatcher (90)
[2015.11.25-15.42.48:373][920]LogModuleManager: Shutting down and abandoning module AssetRegistry (89)
[2015.11.25-15.42.48:492][920]LogModuleManager: Shutting down and abandoning module ContentBrowser (88)
[2015.11.25-15.42.48:492][920]LogModuleManager: Shutting down and abandoning module Paper2DEditor (87)
[2015.11.25-15.42.48:492][920]LogModuleManager: Shutting down and abandoning module UdpMessaging (86)
[2015.11.25-15.42.48:593][920]LogModuleManager: Shutting down and abandoning module LightPropagationVolumeRuntime (85)
[2015.11.25-15.42.48:593][920]LogModuleManager: Shutting down and abandoning module Paper2D (84)
[2015.11.25-15.42.48:593][920]LogModuleManager: Shutting down and abandoning module WindowsMoviePlayer (83)
[2015.11.25-15.42.48:593][920]LogModuleManager: Shutting down and abandoning module Media (82)
[2015.11.25-15.42.48:593][920]LogModuleManager: Shutting down and abandoning module WmfMedia (81)
[2015.11.25-15.42.48:593][920]LogModuleManager: Shutting down and abandoning module OnlineBlueprintSupport (80)
[2015.11.25-15.42.48:593][920]LogModuleManager: Shutting down and abandoning module GameplayTasksEditor (79)
[2015.11.25-15.42.48:593][920]LogModuleManager: Shutting down and abandoning module PropertyEditor (78)
[2015.11.25-15.42.48:593][920]LogModuleManager: Shutting down and abandoning module BehaviorTreeEditor (77)
[2015.11.25-15.42.48:593][920]LogModuleManager: Shutting down and abandoning module FunctionalTesting (76)
[2015.11.25-15.42.48:593][920]LogModuleManager: Shutting down and abandoning module CollisionAnalyzer (75)
[2015.11.25-15.42.48:593][920]LogModuleManager: Shutting down and abandoning module WorkspaceMenuStructure (74)
[2015.11.25-15.42.48:593][920]LogModuleManager: Shutting down and abandoning module MessageLog (73)
[2015.11.25-15.42.48:593][920]LogModuleManager: Shutting down and abandoning module Sequencer (72)
[2015.11.25-15.42.48:593][920]LogModuleManager: Shutting down and abandoning module AssetTools (71)
[2015.11.25-15.42.48:593][920]LogModuleManager: Shutting down and abandoning module UMGEditor (70)
[2015.11.25-15.42.48:593][920]LogModuleManager: Shutting down and abandoning module UMG (69)
[2015.11.25-15.42.48:593][920]LogModuleManager: Shutting down and abandoning module Slate (68)
[2015.11.25-15.42.48:593][920]LogModuleManager: Shutting down and abandoning module EditorStyle (67)
[2015.11.25-15.42.48:595][920]LogModuleManager: Shutting down and abandoning module SessionServices (66)
[2015.11.25-15.42.48:595][920]LogModuleManager: Shutting down and abandoning module SourceCodeAccess (65)
[2015.11.25-15.42.48:595][920]LogModuleManager: Shutting down and abandoning module HeadMountedDisplay (64)
[2015.11.25-15.42.48:595][920]LogModuleManager: Shutting down and abandoning module XAudio2 (63)
[2015.11.25-15.42.48:595][920]LogModuleManager: Shutting down and abandoning module Networking (61)
[2015.11.25-15.42.48:595][920]LogModuleManager: Shutting down and abandoning module Core (60)
[2015.11.25-15.42.48:595][920]LogModuleManager: Shutting down and abandoning module KismetCompiler (59)
[2015.11.25-15.42.48:595][920]LogModuleManager: Shutting down and abandoning module PhysXFormats (58)
[2015.11.25-15.42.48:595][920]LogModuleManager: Shutting down and abandoning module MeshUtilities (57)
[2015.11.25-15.42.48:595][920]LogModuleManager: Shutting down and abandoning module DerivedDataCache (56)
[2015.11.25-15.42.48:792][920]LogDerivedDataCache: Shutdown
[2015.11.25-15.42.48:793][920]LogModuleManager: Shutting down and abandoning module ShaderFormatOpenGL (55)
[2015.11.25-15.42.48:793][920]LogModuleManager: Shutting down and abandoning module ShaderFormatD3D (54)
[2015.11.25-15.42.48:793][920]LogModuleManager: Shutting down and abandoning module MetalShaderFormat (53)
[2015.11.25-15.42.48:793][920]LogModuleManager: Shutting down and abandoning module TextureFormatUncompressed (52)
[2015.11.25-15.42.48:793][920]LogModuleManager: Shutting down and abandoning module TextureFormatPVR (51)
[2015.11.25-15.42.48:793][920]LogModuleManager: Shutting down and abandoning module TextureFormatIntelISPCTexComp (50)
[2015.11.25-15.42.48:793][920]LogModuleManager: Shutting down and abandoning module TextureFormatDXT (49)
[2015.11.25-15.42.48:793][920]LogModuleManager: Shutting down and abandoning module ImageWrapper (48)
[2015.11.25-15.42.48:793][920]LogModuleManager: Shutting down and abandoning module TextureFormatASTC (47)
[2015.11.25-15.42.48:793][920]LogModuleManager: Shutting down and abandoning module TextureFormatAndroid (46)
[2015.11.25-15.42.48:793][920]LogModuleManager: Shutting down and abandoning module AudioFormatOpus (45)
[2015.11.25-15.42.48:793][920]LogModuleManager: Shutting down and abandoning module AudioFormatOgg (44)
[2015.11.25-15.42.48:793][920]LogModuleManager: Shutting down and abandoning module AudioFormatADPCM (43)
[2015.11.25-15.42.48:793][920]LogModuleManager: Shutting down and abandoning module LinuxTargetPlatform (42)
[2015.11.25-15.42.48:793][920]LogModuleManager: Shutting down and abandoning module LinuxServerTargetPlatform (41)
[2015.11.25-15.42.48:793][920]LogModuleManager: Shutting down and abandoning module LinuxNoEditorTargetPlatform (40)
[2015.11.25-15.42.48:793][920]LogModuleManager: Shutting down and abandoning module Messaging (39)
[2015.11.25-15.42.48:793][920]LogModuleManager: Shutting down and abandoning module IOSTargetPlatform (38)
[2015.11.25-15.42.48:793][920]LogModuleManager: Shutting down and abandoning module HTML5TargetPlatform (37)
[2015.11.25-15.42.48:793][920]LogModuleManager: Shutting down and abandoning module Android_PVRTCTargetPlatform (36)
[2015.11.25-15.42.48:793][920]LogModuleManager: Shutting down and abandoning module Android_MultiTargetPlatform (35)
[2015.11.25-15.42.48:793][920]LogModuleManager: Shutting down and abandoning module Android_ETC2TargetPlatform (34)
[2015.11.25-15.42.48:793][920]LogModuleManager: Shutting down and abandoning module Android_ETC1TargetPlatform (33)
[2015.11.25-15.42.48:793][920]LogModuleManager: Shutting down and abandoning module Android_DXTTargetPlatform (32)
[2015.11.25-15.42.48:793][920]LogModuleManager: Shutting down and abandoning module Android_ATCTargetPlatform (31)
[2015.11.25-15.42.48:793][920]LogModuleManager: Shutting down and abandoning module Android_ASTCTargetPlatform (30)
[2015.11.25-15.42.48:793][920]LogModuleManager: Shutting down and abandoning module AndroidTargetPlatform (29)
[2015.11.25-15.42.48:793][920]LogModuleManager: Shutting down and abandoning module WindowsTargetPlatform (28)
[2015.11.25-15.42.48:793][920]LogModuleManager: Shutting down and abandoning module WindowsServerTargetPlatform (27)
[2015.11.25-15.42.48:793][920]LogModuleManager: Shutting down and abandoning module WindowsNoEditorTargetPlatform (26)
[2015.11.25-15.42.48:793][920]LogModuleManager: Shutting down and abandoning module WindowsClientTargetPlatform (25)
[2015.11.25-15.42.48:793][920]LogModuleManager: Shutting down and abandoning module AllDesktopTargetPlatform (24)
[2015.11.25-15.42.48:793][920]LogModuleManager: Shutting down and abandoning module TargetPlatform (23)
[2015.11.25-15.42.48:793][920]LogModuleManager: Shutting down and abandoning module InputCore (22)
[2015.11.25-15.42.48:793][920]LogModuleManager: Shutting down and abandoning module Settings (21)
[2015.11.25-15.42.48:793][920]LogModuleManager: Shutting down and abandoning module OnlineSubsystem (19)
[2015.11.25-15.42.48:793][920]LogModuleManager: Shutting down and abandoning module HTTP (18)
[2015.11.25-15.42.50:795][920]LogModuleManager: Shutting down and abandoning module XMPP (17)
[2015.11.25-15.42.50:795][920]LogModuleManager: Shutting down and abandoning module OculusRift (16)
[2015.11.25-15.42.50:795][920]LogModuleManager: Shutting down and abandoning module ExampleDeviceProfileSelector (15)
[2015.11.25-15.42.50:795][920]LogModuleManager: Shutting down and abandoning module TextureCompressor (14)
[2015.11.25-15.42.50:795][920]LogModuleManager: Shutting down and abandoning module ShaderCore (13)
[2015.11.25-15.42.50:795][920]LogModuleManager: Shutting down and abandoning module Landscape (12)
[2015.11.25-15.42.50:795][920]LogModuleManager: Shutting down and abandoning module SlateRHIRenderer (11)
[2015.11.25-15.42.50:795][920]LogModuleManager: Shutting down and abandoning module OpenGLDrv (10)
[2015.11.25-15.42.50:795][920]LogModuleManager: Shutting down and abandoning module D3D11RHI (9)
[2015.11.25-15.42.50:795][920]LogModuleManager: Shutting down and abandoning module AnimGraphRuntime (8)
[2015.11.25-15.42.50:795][920]LogModuleManager: Shutting down and abandoning module Renderer (7)
[2015.11.25-15.42.50:795][920]LogModuleManager: Shutting down and abandoning module Engine (6)
[2015.11.25-15.42.50:795][920]LogModuleManager: Shutting down and abandoning module CoreUObject (5)
[2015.11.25-15.42.50:795][920]LogModuleManager: Shutting down and abandoning module NetworkFile (4)
[2015.11.25-15.42.50:795][920]LogModuleManager: Shutting down and abandoning module StreamingFile (3)
[2015.11.25-15.42.50:795][920]LogModuleManager: Shutting down and abandoning module SandboxFile (2)
[2015.11.25-15.42.50:795][920]LogModuleManager: Shutting down and abandoning module PakFile (1)
[2015.11.25-15.42.50:796][920]LogExit: Exiting.
[2015.11.25-15.42.50:805][920]Log file closed, 11/25/15 17:42:50
